SF:/Users/jake/Development/internal/quicktype_dart/lib/src/utils/shell.dart
FN:10,formatCommand
FN:19,shellQuote
FNDA:1,formatCommand
FNDA:1,shellQuote
FNF:2
FNH:2
DA:10,1
DA:11,2
DA:12,1
DA:19,1
DA:20,1
DA:21,1
DA:22,1
DA:23,2
LF:8
LH:8
BRDA:10,0,0,1
BRDA:19,0,0,1
BRDA:20,0,0,1
BRDA:22,0,0,1
end_of_record
SF:/Users/jake/Development/internal/quicktype_dart/lib/src/config.dart
FN:16,ConfigException.ConfigException
FN:24,ConfigException.toString
FN:51,Config.Config._
FN:69,Config.Config.fromFile
FN:92,Config.Config.fromMap
FN:102,Config.Config.defaults
FN:119,Config.Config.loadOrDefaults
FN:133,Config._defaultSources
FN:142,Config._defaultTargets
FN:150,Config._detectFilesForTarget
FN:165,Config._parseSources
FN:182,Config._parseTargets
FN:199,Config._parseTypeConfigs
FNDA:2,ConfigException.ConfigException
FNDA:1,ConfigException.toString
FNDA:1,Config.Config._
FNDA:2,Config.Config.fromFile
FNDA:2,Config.Config.fromMap
FNDA:1,Config.Config.defaults
FNDA:1,Config.Config.loadOrDefaults
FNDA:2,Config._defaultSources
FNDA:1,Config._defaultTargets
FNDA:1,Config._detectFilesForTarget
FNDA:2,Config._parseSources
FNDA:2,Config._parseTargets
FNDA:2,Config._parseTypeConfigs
FNF:13
FNH:13
DA:16,2
DA:24,1
DA:25,1
DA:26,0
DA:27,2
DA:51,1
DA:69,2
DA:70,2
DA:71,2
DA:72,2
DA:76,4
DA:78,4
DA:80,2
DA:81,4
DA:82,2
DA:86,2
DA:92,2
DA:93,1
DA:94,4
DA:95,4
DA:102,1
DA:106,1
DA:107,1
DA:108,0
DA:109,0
DA:111,1
DA:112,2
DA:113,1
DA:119,1
DA:120,1
DA:121,1
DA:122,2
DA:123,1
DA:126,1
DA:127,1
DA:128,2
DA:129,1
DA:133,2
DA:134,2
DA:135,2
DA:136,2
DA:137,2
DA:142,1
DA:143,1
DA:144,2
DA:145,2
DA:150,1
DA:152,1
DA:155,2
DA:156,2
DA:157,3
DA:160,0
DA:165,2
DA:167,2
DA:168,2
DA:170,2
DA:171,2
DA:172,4
DA:175,2
DA:182,2
DA:184,0
DA:185,0
DA:187,2
DA:188,1
DA:189,2
DA:192,2
DA:199,2
DA:204,2
DA:206,4
DA:207,4
DA:209,4
DA:210,6
DA:211,3
DA:218,5
DA:219,1
DA:220,2
DA:223,2
DA:224,2
DA:225,2
DA:226,6
DA:230,4
DA:231,2
DA:232,2
DA:233,1
DA:234,1
DA:237,3
DA:239,1
LF:87
LH:81
BRDA:16,0,0,2
BRDA:24,0,0,1
BRDA:51,0,0,1
BRDA:69,0,0,2
BRDA:71,0,0,1
BRDA:75,0,0,2
BRDA:77,0,0,2
BRDA:80,0,0,2
BRDA:92,0,0,2
BRDA:102,0,0,1
BRDA:107,0,0,0
BRDA:119,0,0,1
BRDA:121,0,0,1
BRDA:125,0,0,1
BRDA:127,0,0,1
BRDA:133,0,0,2
BRDA:142,0,0,1
BRDA:144,0,0,1
BRDA:150,0,0,1
BRDA:153,0,0,1
BRDA:154,0,0,1
BRDA:156,0,0,1
BRDA:159,0,0,0
BRDA:165,0,0,2
BRDA:166,0,0,2
BRDA:170,0,0,2
BRDA:182,0,0,2
BRDA:183,0,0,0
BRDA:187,0,0,1
BRDA:199,0,0,2
BRDA:206,0,0,2
BRDA:209,0,0,2
BRDA:211,0,0,2
BRDA:216,0,0,1
BRDA:218,0,0,1
BRDA:224,0,0,2
BRDA:230,0,0,2
BRDA:231,0,0,1
end_of_record
SF:/Users/jake/Development/internal/quicktype_dart/lib/src/models/type.dart
FN:13,DefaultPaths.DefaultPaths._
FN:64,SourceType.SourceType
FN:72,SourceType.toString
FN:75,SourceType.defaultPath
FN:121,TargetType.TargetType
FN:131,TargetType.defaultPath
FN:149,TargetType.toString
FN:184,TypeConfig.TypeConfig
FN:200,TypeConfig.TypeConfig.fromJson
FN:222,TypeConfig._coerceRendererOptions
FN:242,TypeConfig.toJson
FNDA:2,SourceType.toString
FNDA:2,TargetType.defaultPath
FNDA:2,TargetType.toString
FNDA:3,TypeConfig.TypeConfig
FNDA:3,TypeConfig.TypeConfig.fromJson
FNDA:1,TypeConfig._coerceRendererOptions
FNF:11
FNH:6
DA:13,0
DA:72,2
DA:73,2
DA:75,0
DA:131,2
DA:134,2
DA:136,1
DA:138,1
DA:140,1
DA:142,2
DA:149,2
DA:150,2
DA:184,3
DA:200,3
DA:202,4
DA:203,2
DA:204,2
DA:205,1
DA:208,2
DA:211,1
DA:212,1
DA:222,1
DA:223,1
DA:224,2
DA:225,1
DA:227,1
DA:228,3
DA:229,1
DA:230,2
DA:232,0
DA:233,0
DA:234,0
DA:242,0
DA:243,0
DA:244,0
DA:245,0
LF:36
LH:27
BRDA:13,0,0,0
BRDA:72,0,0,2
BRDA:75,0,0,0
BRDA:131,0,0,2
BRDA:134,0,0,2
BRDA:136,0,0,1
BRDA:138,0,0,1
BRDA:140,0,0,1
BRDA:142,0,0,1
BRDA:149,0,0,2
BRDA:184,0,0,3
BRDA:200,0,0,3
BRDA:201,0,0,3
BRDA:210,0,0,1
BRDA:211,0,0,0
BRDA:222,0,0,1
BRDA:224,0,0,1
BRDA:226,0,0,1
BRDA:227,0,0,1
BRDA:229,0,0,2
BRDA:231,0,0,0
BRDA:242,0,0,0
BRDA:245,0,0,0
end_of_record
SF:/Users/jake/Development/internal/quicktype_dart/lib/src/utils/logging.dart
FN:16,Log.Log._
FN:20,Log.off
FN:24,Log.shout
FN:28,Log.severe
FN:32,Log.warning
FN:36,Log.info
FN:40,Log.config
FN:44,Log.fine
FN:48,Log.finer
FN:52,Log.finest
FN:56,Log.all
FN:59,Log._log
FNDA:2,Log.warning
FNDA:1,Log.info
FNDA:2,Log._log
FNF:12
FNH:3
DA:16,0
DA:20,0
DA:21,0
DA:24,0
DA:25,0
DA:28,0
DA:29,0
DA:32,2
DA:33,4
DA:36,1
DA:37,2
DA:40,0
DA:41,0
DA:44,0
DA:45,0
DA:48,0
DA:49,0
DA:52,0
DA:53,0
DA:56,0
DA:57,0
DA:59,2
DA:60,0
DA:61,2
LF:24
LH:6
BRDA:16,0,0,0
BRDA:20,0,0,0
BRDA:24,0,0,0
BRDA:28,0,0,0
BRDA:32,0,0,2
BRDA:36,0,0,1
BRDA:40,0,0,0
BRDA:44,0,0,0
BRDA:48,0,0,0
BRDA:52,0,0,0
BRDA:56,0,0,0
BRDA:59,0,0,2
end_of_record
SF:/Users/jake/Development/internal/quicktype_dart/lib/src/ffi/native_bundle_cache.dart
FN:28,fetchAndCacheBundle
FN:83,_cacheFileFor
FN:101,_fetch
FN:123,_fetchOverHttp
FN:137,_matchesIntegrity
FN:148,_parseSri
FN:165,_sriHash
FNDA:2,fetchAndCacheBundle
FNDA:2,_cacheFileFor
FNDA:2,_fetch
FNDA:1,_matchesIntegrity
FNDA:1,_parseSri
FNDA:1,_sriHash
FNF:7
FNH:6
DA:28,2
DA:29,2
DA:31,2
DA:32,1
DA:33,1
DA:34,0
DA:39,1
DA:45,2
DA:46,1
DA:47,2
DA:49,1
DA:52,4
DA:57,2
DA:58,10
DA:61,2
DA:62,4
DA:64,0
DA:66,0
DA:73,2
DA:83,2
DA:85,6
DA:86,2
DA:87,2
DA:88,2
DA:89,2
DA:90,4
DA:101,2
DA:102,4
DA:103,6
DA:105,0
DA:107,0
DA:109,0
DA:110,0
DA:115,0
DA:123,0
DA:124,0
DA:125,0
DA:126,0
DA:127,0
DA:129,0
DA:130,0
DA:131,0
DA:133,0
DA:137,1
DA:138,1
DA:140,1
DA:141,1
DA:148,1
DA:149,1
DA:150,1
DA:151,2
DA:152,3
DA:153,2
DA:154,1
DA:156,1
DA:157,1
DA:165,1
DA:167,2
DA:168,2
DA:169,2
DA:170,0
DA:172,3
LF:62
LH:44
BRDA:28,0,0,2
BRDA:31,0,0,1
BRDA:33,0,0,0
BRDA:38,0,0,1
BRDA:40,0,0,0
BRDA:46,0,0,1
BRDA:60,0,0,2
BRDA:63,0,0,0
BRDA:64,0,0,0
BRDA:65,0,0,0
BRDA:67,0,0,0
BRDA:83,0,0,2
BRDA:101,0,0,2
BRDA:102,0,0,2
BRDA:106,0,0,0
BRDA:109,0,0,0
BRDA:113,0,0,0
BRDA:114,0,0,0
BRDA:116,0,0,0
BRDA:123,0,0,0
BRDA:126,0,0,0
BRDA:137,0,0,1
BRDA:139,0,0,1
BRDA:148,0,0,1
BRDA:150,0,0,0
BRDA:152,0,0,1
BRDA:154,0,0,1
BRDA:155,0,0,1
BRDA:157,0,0,1
BRDA:165,0,0,1
BRDA:167,0,0,1
BRDA:168,0,0,1
BRDA:169,0,0,1
BRDA:170,0,0,0
end_of_record
SF:/Users/jake/Development/internal/quicktype_dart/lib/src/quicktype.dart
FN:29,QuicktypeException.QuicktypeException
FN:52,QuicktypeException.toString
FN:85,Quicktype.Quicktype
FN:95,Quicktype.buildCommandsFromConfig
FN:133,Quicktype.executeAll
FN:147,Quicktype.execute
FN:202,Quicktype.executeNative
FNDA:7,QuicktypeException.QuicktypeException
FNDA:1,QuicktypeException.toString
FNF:7
FNH:2
DA:29,7
DA:52,1
DA:54,3
DA:55,1
DA:56,3
DA:58,1
DA:59,0
DA:61,1
DA:62,3
DA:64,1
DA:85,0
DA:95,0
DA:96,0
DA:98,0
DA:99,0
DA:100,0
DA:103,0
DA:104,0
DA:105,0
DA:107,0
DA:108,0
DA:109,0
DA:110,0
DA:112,0
DA:113,0
DA:118,0
DA:121,0
DA:122,0
DA:123,0
DA:133,0
DA:136,0
DA:137,0
DA:138,0
DA:139,0
DA:147,0
DA:148,0
DA:149,0
DA:150,0
DA:153,0
DA:154,0
DA:155,0
DA:160,0
DA:162,0
DA:163,0
DA:164,0
DA:169,0
DA:170,0
DA:171,0
DA:173,0
DA:175,0
DA:176,0
DA:179,0
DA:182,0
DA:187,0
DA:188,0
DA:189,0
DA:191,0
DA:194,0
DA:202,0
DA:203,0
DA:204,0
DA:207,0
DA:209,0
DA:210,0
DA:213,0
DA:214,0
DA:217,0
DA:219,0
DA:220,0
DA:221,0
DA:222,0
DA:224,0
LF:72
LH:9
BRDA:29,0,0,7
BRDA:52,0,0,1
BRDA:55,0,0,1
BRDA:58,0,0,0
BRDA:61,0,0,1
BRDA:85,0,0,0
BRDA:95,0,0,0
BRDA:98,0,0,0
BRDA:103,0,0,0
BRDA:107,0,0,0
BRDA:108,0,0,0
BRDA:112,0,0,0
BRDA:133,0,0,0
BRDA:137,0,0,0
BRDA:147,0,0,0
BRDA:152,0,0,0
BRDA:154,0,0,0
BRDA:159,0,0,0
BRDA:161,0,0,0
BRDA:169,0,0,0
BRDA:170,0,0,0
BRDA:174,0,0,0
BRDA:186,0,0,0
BRDA:188,0,0,0
BRDA:202,0,0,0
BRDA:206,0,0,0
BRDA:209,0,0,0
BRDA:213,0,0,0
BRDA:218,0,0,0
BRDA:219,0,0,0
BRDA:223,0,0,0
end_of_record
SF:/Users/jake/Development/internal/quicktype_dart/lib/src/models/command.dart
FN:37,QuicktypeCommand.QuicktypeCommand
FN:48,QuicktypeCommand.createCommandForFiles
FN:73,QuicktypeCommand.parsed
FN:76,QuicktypeCommand.argv
FN:78,QuicktypeCommand._toArgv
FNDA:1,QuicktypeCommand.QuicktypeCommand
FNDA:2,QuicktypeCommand.argv
FNDA:1,QuicktypeCommand._toArgv
FNF:5
FNH:3
DA:37,1
DA:48,0
DA:54,0
DA:55,0
DA:56,0
DA:59,0
DA:60,0
DA:61,0
DA:63,0
DA:64,0
DA:65,0
DA:66,0
DA:67,0
DA:73,0
DA:76,2
DA:78,1
DA:79,1
DA:81,2
DA:83,1
DA:85,1
DA:87,2
DA:89,3
DA:90,2
DA:91,3
DA:92,2
DA:93,3
DA:95,5
LF:27
LH:14
BRDA:37,0,0,1
BRDA:48,0,0,0
BRDA:73,0,0,0
BRDA:76,0,0,1
BRDA:78,0,0,1
BRDA:89,0,0,1
BRDA:90,0,0,1
BRDA:92,0,0,2
BRDA:94,0,0,1
end_of_record
SF:/Users/jake/Development/internal/quicktype_dart/lib/src/utils/type_infer.dart
FN:19,inferLangType
FNDA:1,inferLangType
FNF:1
FNH:1
DA:19,1
DA:20,1
DA:22,1
DA:23,2
DA:24,2
DA:25,3
DA:27,1
LF:7
LH:7
BRDA:19,0,0,1
BRDA:23,0,0,1
BRDA:24,0,0,1
BRDA:25,0,0,1
end_of_record
SF:/Users/jake/Development/internal/quicktype_dart/lib/src/models/result.dart
FN:33,QuicktypeResult.QuicktypeResult.success
FN:43,QuicktypeResult.QuicktypeResult.failure
FN:52,QuicktypeResult.toString
FNF:3
FNH:0
DA:33,0
DA:43,0
DA:52,0
DA:53,0
DA:54,0
DA:55,0
LF:6
LH:0
BRDA:33,0,0,0
BRDA:43,0,0,0
BRDA:52,0,0,0
end_of_record
SF:/Users/jake/Development/internal/quicktype_dart/lib/src/utils/file_resolver.dart
FN:19,FileResolver.getFiles
FN:83,FileResolver.resolveTargetPath
FNF:2
FNH:0
DA:19,0
DA:24,0
DA:25,0
DA:26,0
DA:27,0
DA:28,0
DA:31,0
DA:32,0
DA:34,0
DA:37,0
DA:38,0
DA:44,0
DA:45,0
DA:46,0
DA:48,0
DA:49,0
DA:50,0
DA:51,0
DA:52,0
DA:53,0
DA:54,0
DA:59,0
DA:62,0
DA:64,0
DA:65,0
DA:66,0
DA:69,0
DA:73,0
DA:83,0
DA:88,0
DA:90,0
DA:91,0
DA:94,0
DA:95,0
DA:99,0
DA:100,0
DA:102,0
LF:37
LH:0
BRDA:19,0,0,0
BRDA:23,0,0,0
BRDA:31,0,0,0
BRDA:33,0,0,0
BRDA:34,0,0,0
BRDA:36,0,0,0
BRDA:47,0,0,0
BRDA:50,0,0,0
BRDA:51,0,0,0
BRDA:53,0,0,0
BRDA:58,0,0,0
BRDA:62,0,0,0
BRDA:64,0,0,0
BRDA:68,0,0,0
BRDA:72,0,0,0
BRDA:83,0,0,0
BRDA:99,0,0,0
end_of_record
SF:/Users/jake/Development/internal/quicktype_dart/lib/src/bundle_source.dart
FN:31,BundleSource.BundleSource
FN:35,BundleSource.BundleSource.embedded
FN:47,BundleSource.BundleSource.remote
FN:55,EmbeddedBundleSource.EmbeddedBundleSource
FN:63,RemoteBundleSource.RemoteBundleSource
FNDA:5,BundleSource.BundleSource
FNDA:5,EmbeddedBundleSource.EmbeddedBundleSource
FNDA:1,RemoteBundleSource.RemoteBundleSource
FNF:5
FNH:3
DA:31,5
DA:55,5
DA:63,1
LF:3
LH:3
BRDA:31,0,0,5
BRDA:55,0,0,5
BRDA:63,0,0,1
end_of_record
SF:/Users/jake/Development/internal/quicktype_dart/lib/src/facade.dart
FN:25,GenerateTransport.GenerateTransport
FN:83,QuicktypeDart.QuicktypeDart._
FN:93,QuicktypeDart.bundleSource
FN:97,QuicktypeDart.setBundleSource
FN:111,QuicktypeDart.generate
FN:131,QuicktypeDart.generateFromString
FNDA:2,QuicktypeDart.bundleSource
FNDA:1,QuicktypeDart.setBundleSource
FNF:6
FNH:2
DA:83,0
DA:89,2
DA:93,2
DA:97,1
DA:106,0
DA:111,0
DA:118,0
DA:120,0
DA:131,0
DA:139,0
DA:140,0
LF:11
LH:3
BRDA:83,0,0,0
BRDA:89,0,0,2
BRDA:93,0,0,1
BRDA:97,0,0,1
BRDA:106,0,0,0
BRDA:111,0,0,0
BRDA:131,0,0,0
end_of_record
SF:/Users/jake/Development/internal/quicktype_dart/lib/src/models/renderer_options.dart
FN:26,RendererOptions.RendererOptions
FNDA:1,RendererOptions.RendererOptions
FNF:1
FNH:1
DA:26,1
LF:1
LH:1
BRDA:26,0,0,1
end_of_record
SF:/Users/jake/Development/internal/quicktype_dart/lib/src/models/enums.dart
FN:15,HttpMethod.HttpMethod
FN:24,HttpMethod.toString
FN:55,DebugArgs.DebugArgs
FN:58,DebugArgs.toString
FN:88,ConverterType.ConverterType
FN:90,ConverterType.toString
FN:107,RawType.RawType
FN:109,RawType.toString
FN:126,ArrayType.ArrayType
FN:128,ArrayType.toString
FN:154,AcronymStyle.AcronymStyle
FN:156,AcronymStyle.toString
FN:195,NamingStyle.NamingStyle
FN:197,NamingStyle.toString
FN:215,SourceStyle.SourceStyle
FN:217,SourceStyle.toString
FN:232,Density.Density
FN:234,Density.toString
FN:257,IntegerSize.IntegerSize
FN:259,IntegerSize.toString
FN:274,TypedefAlias.TypedefAlias
FN:276,TypedefAlias.toString
FN:291,PrintStyle.PrintStyle
FN:293,PrintStyle.toString
FN:310,CodeFormat.CodeFormat
FN:312,CodeFormat.toString
FN:327,WStringType.WStringType
FN:329,WStringType.toString
FN:344,ConstStyle.ConstStyle
FN:346,ConstStyle.toString
FN:361,IncludeStyle.IncludeStyle
FN:363,IncludeStyle.toString
FN:379,CSharpFramework.CSharpFramework
FN:381,CSharpFramework.toString
FN:395,CSharpVersion.CSharpVersion
FN:397,CSharpVersion.toString
FN:411,NumberType.NumberType
FN:413,NumberType.toString
FN:427,AnyType.AnyType
FN:429,AnyType.toString
FN:449,Features.Features
FN:451,Features.toString
FN:465,BaseClass.BaseClass
FN:467,BaseClass.toString
FN:484,DateTimeProvider.DateTimeProvider
FN:486,DateTimeProvider.toString
FN:509,KotlinFramework.KotlinFramework
FN:511,KotlinFramework.toString
FN:531,ObjectiveCFeatures.ObjectiveCFeatures
FN:533,ObjectiveCFeatures.toString
FN:553,PythonVersion.PythonVersion
FN:555,PythonVersion.toString
FN:575,RubyStrictness.RubyStrictness
FN:577,RubyStrictness.toString
FN:585,RustVisibility.RustVisibility
FN:595,RustVisibility.toString
FN:615,Scala3Framework.Scala3Framework
FN:617,Scala3Framework.toString
FN:631,SmithyFramework.SmithyFramework
FN:633,SmithyFramework.toString
FN:650,StructOrClass.StructOrClass
FN:652,StructOrClass.toString
FN:667,SwiftAccessLevel.SwiftAccessLevel
FN:669,SwiftAccessLevel.toString
FN:687,SwiftProtocol.SwiftProtocol
FN:689,SwiftProtocol.toString
FNDA:1,CSharpFramework.toString
FNDA:1,CSharpVersion.toString
FNF:66
FNH:2
DA:24,0
DA:25,0
DA:58,0
DA:60,0
DA:62,0
DA:63,0
DA:64,0
DA:67,0
DA:68,0
DA:71,0
DA:90,0
DA:91,0
DA:109,0
DA:110,0
DA:128,0
DA:129,0
DA:156,0
DA:157,0
DA:197,0
DA:198,0
DA:217,0
DA:218,0
DA:234,0
DA:235,0
DA:259,0
DA:260,0
DA:276,0
DA:277,0
DA:293,0
DA:294,0
DA:312,0
DA:313,0
DA:329,0
DA:330,0
DA:346,0
DA:347,0
DA:363,0
DA:364,0
DA:381,1
DA:382,1
DA:397,1
DA:398,1
DA:413,0
DA:414,0
DA:429,0
DA:430,0
DA:451,0
DA:452,0
DA:467,0
DA:468,0
DA:486,0
DA:487,0
DA:511,0
DA:512,0
DA:533,0
DA:534,0
DA:555,0
DA:556,0
DA:577,0
DA:578,0
DA:595,0
DA:596,0
DA:617,0
DA:618,0
DA:633,0
DA:634,0
DA:652,0
DA:653,0
DA:669,0
DA:670,0
DA:689,0
DA:690,0
LF:72
LH:4
BRDA:24,0,0,0
BRDA:58,0,0,0
BRDA:60,0,0,0
BRDA:62,0,0,0
BRDA:63,0,0,0
BRDA:67,0,0,0
BRDA:90,0,0,0
BRDA:109,0,0,0
BRDA:128,0,0,0
BRDA:156,0,0,0
BRDA:197,0,0,0
BRDA:217,0,0,0
BRDA:234,0,0,0
BRDA:259,0,0,0
BRDA:276,0,0,0
BRDA:293,0,0,0
BRDA:312,0,0,0
BRDA:329,0,0,0
BRDA:346,0,0,0
BRDA:363,0,0,0
BRDA:381,0,0,1
BRDA:397,0,0,1
BRDA:413,0,0,0
BRDA:429,0,0,0
BRDA:451,0,0,0
BRDA:467,0,0,0
BRDA:486,0,0,0
BRDA:511,0,0,0
BRDA:533,0,0,0
BRDA:555,0,0,0
BRDA:577,0,0,0
BRDA:595,0,0,0
BRDA:617,0,0,0
BRDA:633,0,0,0
BRDA:652,0,0,0
BRDA:669,0,0,0
BRDA:689,0,0,0
end_of_record
SF:/Users/jake/Development/internal/quicktype_dart/lib/src/backend_io.dart
FN:26,generateFromString
FN:55,_resolveTransport
FN:67,_runViaProcess
FN:164,_cleanupTempDir
FN:184,_sweepOrphans
FN:203,_resolveQuicktypeExecutable
FN:219,_findOnPath
FN:241,_sanitizeLabel
FNF:8
FNH:0
DA:26,0
DA:33,0
DA:35,0
DA:36,0
DA:37,0
DA:43,0
DA:44,0
DA:50,0
DA:51,0
DA:55,0
DA:57,0
DA:59,0
DA:61,0
DA:62,0
DA:67,0
DA:73,0
DA:74,0
DA:76,0
DA:77,0
DA:78,0
DA:79,0
DA:81,0
DA:83,0
DA:85,0
DA:89,0
DA:91,0
DA:96,0
DA:97,0
DA:98,0
DA:99,0
DA:100,0
DA:102,0
DA:106,0
DA:107,0
DA:110,0
DA:111,0
DA:112,0
DA:113,0
DA:119,0
DA:120,0
DA:127,0
DA:128,0
DA:129,0
DA:131,0
DA:138,0
DA:139,0
DA:140,0
DA:142,0
DA:143,0
DA:144,0
DA:147,0
DA:148,0
DA:151,0
DA:155,0
DA:157,0
DA:164,0
DA:165,0
DA:167,0
DA:168,0
DA:171,0
DA:172,0
DA:173,0
DA:182,0
DA:184,0
DA:185,0
DA:187,0
DA:189,0
DA:190,0
DA:192,0
DA:195,0
DA:196,0
DA:197,0
DA:203,0
DA:204,0
DA:207,0
DA:219,0
DA:220,0
DA:221,0
DA:222,0
DA:224,0
DA:225,0
DA:226,0
DA:227,0
DA:228,0
DA:229,0
DA:241,0
DA:242,0
DA:243,0
DA:244,0
DA:246,0
DA:248,0
DA:251,0
DA:252,0
LF:93
LH:0
BRDA:26,0,0,0
BRDA:35,0,0,0
BRDA:43,0,0,0
BRDA:50,0,0,0
BRDA:55,0,0,0
BRDA:57,0,0,0
BRDA:59,0,0,0
BRDA:61,0,0,0
BRDA:62,0,0,0
BRDA:67,0,0,0
BRDA:75,0,0,0
BRDA:96,0,0,0
BRDA:97,0,0,0
BRDA:99,0,0,0
BRDA:101,0,0,0
BRDA:109,0,0,0
BRDA:111,0,0,0
BRDA:118,0,0,0
BRDA:127,0,0,0
BRDA:139,0,0,0
BRDA:143,0,0,0
BRDA:147,0,0,0
BRDA:156,0,0,0
BRDA:164,0,0,0
BRDA:166,0,0,0
BRDA:167,0,0,0
BRDA:170,0,0,0
BRDA:182,0,0,0
BRDA:184,0,0,0
BRDA:185,0,0,0
BRDA:187,0,0,0
BRDA:188,0,0,0
BRDA:190,0,0,0
BRDA:191,0,0,0
BRDA:203,0,0,0
BRDA:205,0,0,0
BRDA:208,0,0,0
BRDA:219,0,0,0
BRDA:221,0,0,0
BRDA:225,0,0,0
BRDA:226,0,0,0
BRDA:227,0,0,0
BRDA:229,0,0,0
BRDA:241,0,0,0
BRDA:249,0,0,0
end_of_record
SF:/Users/jake/Development/internal/quicktype_dart/lib/src/ffi/ffi_runtime.dart
FN:28,QtFfiRuntime.QtFfiRuntime._
FN:55,QtFfiRuntime.instance
FN:89,QtFfiRuntime.create
FN:107,QtFfiRuntime._loadBundle
FN:139,QtFfiRuntime.probe
FN:151,QtFfiRuntime.generate
FN:184,QtFfiRuntime.dispose
FN:199,QtFfiRuntime._resolveBindings
FN:214,QtFfiRuntime._openLibrary
FN:236,QtFfiRuntime._devBuildPath
FN:252,QtFfiRuntime._flutterLibName
FN:261,QtFfiRuntime._dylibExtension
FN:272,_FinalizationToken._FinalizationToken
FNF:13
FNH:0
DA:28,0
DA:29,0
DA:41,0
DA:42,0
DA:43,0
DA:55,0
DA:57,0
DA:58,0
DA:61,0
DA:63,0
DA:65,0
DA:68,0
DA:69,0
DA:71,0
DA:73,0
DA:89,0
DA:90,0
DA:91,0
DA:92,0
DA:93,0
DA:94,0
DA:99,0
DA:101,0
DA:104,0
DA:107,0
DA:110,0
DA:111,0
DA:112,0
DA:113,0
DA:120,0
DA:121,0
DA:122,0
DA:124,0
DA:125,0
DA:126,0
DA:127,0
DA:128,0
DA:129,0
DA:130,0
DA:131,0
DA:139,0
DA:141,0
DA:151,0
DA:157,0
DA:158,0
DA:163,0
DA:164,0
DA:165,0
DA:166,0
DA:167,0
DA:170,0
DA:171,0
DA:172,0
DA:177,0
DA:178,0
DA:184,0
DA:185,0
DA:186,0
DA:187,0
DA:188,0
DA:189,0
DA:190,0
DA:199,0
DA:202,0
DA:205,0
DA:206,0
DA:210,0
DA:214,0
DA:215,0
DA:216,0
DA:217,0
DA:219,0
DA:221,0
DA:223,0
DA:236,0
DA:238,0
DA:239,0
DA:242,0
DA:243,0
DA:244,0
DA:245,0
DA:246,0
DA:252,0
DA:253,0
DA:256,0
DA:257,0
DA:258,0
DA:261,0
DA:262,0
DA:263,0
DA:272,0
LF:91
LH:0
BRDA:28,0,0,0
BRDA:41,0,0,0
BRDA:42,0,0,0
BRDA:55,0,0,0
BRDA:57,0,0,0
BRDA:61,0,0,0
BRDA:65,0,0,0
BRDA:69,0,0,0
BRDA:89,0,0,0
BRDA:93,0,0,0
BRDA:98,0,0,0
BRDA:100,0,0,0
BRDA:107,0,0,0
BRDA:110,0,0,0
BRDA:112,0,0,0
BRDA:120,0,0,0
BRDA:124,0,0,0
BRDA:126,0,0,0
BRDA:129,0,0,0
BRDA:139,0,0,0
BRDA:140,0,0,0
BRDA:143,0,0,0
BRDA:151,0,0,0
BRDA:157,0,0,0
BRDA:163,0,0,0
BRDA:171,0,0,0
BRDA:184,0,0,0
BRDA:185,0,0,0
BRDA:188,0,0,0
BRDA:192,0,0,0
BRDA:199,0,0,0
BRDA:200,0,0,0
BRDA:201,0,0,0
BRDA:204,0,0,0
BRDA:208,0,0,0
BRDA:214,0,0,0
BRDA:216,0,0,0
BRDA:220,0,0,0
BRDA:222,0,0,0
BRDA:236,0,0,0
BRDA:237,0,0,0
BRDA:241,0,0,0
BRDA:247,0,0,0
BRDA:252,0,0,0
BRDA:253,0,0,0
BRDA:256,0,0,0
BRDA:257,0,0,0
BRDA:261,0,0,0
BRDA:262,0,0,0
BRDA:263,0,0,0
BRDA:272,0,0,0
end_of_record
SF:/Users/jake/Development/internal/quicktype_dart/lib/src/utils/paths.dart
FN:23,bundledQuicktypeExe
FN:33,packageRoot
FNF:2
FNH:0
DA:23,0
DA:24,0
DA:26,0
DA:27,0
DA:33,0
DA:35,0
DA:36,0
DA:39,0
LF:8
LH:0
BRDA:23,0,0,0
BRDA:25,0,0,0
BRDA:33,0,0,0
BRDA:34,0,0,0
BRDA:38,0,0,0
BRDA:40,0,0,0
end_of_record
SF:/Users/jake/Development/internal/quicktype_dart/lib/src/ffi/qt_shim_bindings.dart
FN:53,QtShimBindings.QtShimBindings
FNF:1
FNH:0
DA:53,0
LF:1
LH:0
BRDA:53,0,0,0
end_of_record
SF:/Users/jake/Development/internal/quicktype_dart/lib/src/models/options/lang_c.dart
FN:9,CRendererOptions.CRendererOptions
FN:29,CRendererOptions.toRendererOptions
FNDA:1,CRendererOptions.CRendererOptions
FNDA:1,CRendererOptions.toRendererOptions
FNF:2
FNH:2
DA:9,1
DA:29,1
DA:31,1
DA:32,1
DA:33,1
DA:34,1
DA:35,1
DA:36,1
DA:37,1
DA:38,1
DA:39,1
DA:40,0
LF:12
LH:11
BRDA:9,0,0,1
BRDA:29,0,0,1
BRDA:32,0,0,0
BRDA:33,0,0,0
BRDA:34,0,0,0
BRDA:35,0,0,0
BRDA:36,0,0,0
BRDA:37,0,0,0
BRDA:38,0,0,0
BRDA:39,0,0,0
end_of_record
SF:/Users/jake/Development/internal/quicktype_dart/lib/src/models/options/lang_cpp.dart
FN:9,CppRendererOptions.CppRendererOptions
FN:39,CppRendererOptions.toRendererOptions
FNDA:1,CppRendererOptions.CppRendererOptions
FNDA:1,CppRendererOptions.toRendererOptions
FNF:2
FNH:2
DA:9,1
DA:39,1
DA:41,1
DA:42,1
DA:43,1
DA:44,1
DA:45,1
DA:46,1
DA:47,1
DA:48,1
DA:49,1
DA:50,1
DA:51,1
DA:52,0
DA:54,1
DA:55,1
DA:56,1
DA:57,0
LF:18
LH:16
BRDA:9,0,0,1
BRDA:39,0,0,1
BRDA:42,0,0,0
BRDA:43,0,0,0
BRDA:44,0,0,0
BRDA:45,0,0,0
BRDA:46,0,0,0
BRDA:47,0,0,0
BRDA:48,0,0,0
BRDA:49,0,0,0
BRDA:50,0,0,0
BRDA:51,0,0,0
BRDA:54,0,0,0
BRDA:55,0,0,0
BRDA:56,0,0,0
end_of_record
SF:/Users/jake/Development/internal/quicktype_dart/lib/src/models/options/lang_csharp.dart
FN:9,CSharpRendererOptions.CSharpRendererOptions
FN:37,CSharpRendererOptions.toRendererOptions
FNDA:1,CSharpRendererOptions.CSharpRendererOptions
FNDA:1,CSharpRendererOptions.toRendererOptions
FNF:2
FNH:2
DA:9,1
DA:37,1
DA:39,1
DA:40,4
DA:41,1
DA:42,4
DA:43,1
DA:44,1
DA:45,1
DA:46,1
DA:47,1
DA:48,1
DA:49,1
DA:50,1
DA:51,1
DA:52,0
LF:16
LH:15
BRDA:9,0,0,1
BRDA:37,0,0,1
BRDA:40,0,0,1
BRDA:41,0,0,0
BRDA:42,0,0,1
BRDA:43,0,0,0
BRDA:44,0,0,0
BRDA:45,0,0,0
BRDA:46,0,0,0
BRDA:47,0,0,0
BRDA:48,0,0,0
BRDA:49,0,0,0
BRDA:50,0,0,0
BRDA:51,0,0,0
end_of_record
SF:/Users/jake/Development/internal/quicktype_dart/lib/src/models/options/lang_dart.dart
FN:8,DartRendererOptions.DartRendererOptions
FN:34,DartRendererOptions.toRendererOptions
FNDA:1,DartRendererOptions.DartRendererOptions
FNDA:1,DartRendererOptions.toRendererOptions
FNF:2
FNH:2
DA:8,1
DA:34,1
DA:36,1
DA:37,4
DA:38,1
DA:39,1
DA:40,1
DA:41,1
DA:42,1
DA:43,1
DA:44,4
DA:45,1
DA:46,1
DA:47,0
DA:49,3
LF:15
LH:14
BRDA:8,0,0,1
BRDA:34,0,0,1
BRDA:37,0,0,1
BRDA:38,0,0,0
BRDA:39,0,0,0
BRDA:40,0,0,0
BRDA:41,0,0,0
BRDA:42,0,0,0
BRDA:43,0,0,0
BRDA:44,0,0,1
BRDA:45,0,0,0
BRDA:46,0,0,0
BRDA:49,0,0,1
end_of_record
SF:/Users/jake/Development/internal/quicktype_dart/lib/src/models/options/lang_elixir.dart
FN:8,ElixirRendererOptions.ElixirRendererOptions
FN:16,ElixirRendererOptions.toRendererOptions
FNDA:1,ElixirRendererOptions.ElixirRendererOptions
FNDA:1,ElixirRendererOptions.toRendererOptions
FNF:2
FNH:2
DA:8,1
DA:16,1
DA:18,1
DA:19,1
DA:20,1
LF:5
LH:5
BRDA:8,0,0,1
BRDA:16,0,0,1
BRDA:19,0,0,0
BRDA:20,0,0,0
end_of_record
SF:/Users/jake/Development/internal/quicktype_dart/lib/src/models/options/lang_elm.dart
FN:9,ElmRendererOptions.ElmRendererOptions
FN:19,ElmRendererOptions.toRendererOptions
FNDA:1,ElmRendererOptions.ElmRendererOptions
FNDA:1,ElmRendererOptions.toRendererOptions
FNF:2
FNH:2
DA:9,1
DA:19,1
DA:21,1
DA:22,1
DA:23,1
DA:24,1
LF:6
LH:6
BRDA:9,0,0,1
BRDA:19,0,0,1
BRDA:22,0,0,0
BRDA:23,0,0,0
BRDA:24,0,0,0
end_of_record
SF:/Users/jake/Development/internal/quicktype_dart/lib/src/models/options/lang_flow.dart
FN:9,FlowRendererOptions.FlowRendererOptions
FN:37,FlowRendererOptions.toRendererOptions
FNDA:1,FlowRendererOptions.FlowRendererOptions
FNDA:1,FlowRendererOptions.toRendererOptions
FNF:2
FNH:2
DA:9,1
DA:37,1
DA:39,1
DA:40,1
DA:41,1
DA:42,0
DA:44,1
DA:45,0
DA:47,1
DA:48,0
DA:50,1
DA:51,0
DA:52,0
DA:54,1
DA:55,1
DA:56,1
DA:57,1
DA:58,1
DA:59,1
DA:60,0
DA:62,1
LF:21
LH:15
BRDA:9,0,0,1
BRDA:37,0,0,1
BRDA:40,0,0,0
BRDA:41,0,0,0
BRDA:44,0,0,0
BRDA:47,0,0,0
BRDA:50,0,0,0
BRDA:54,0,0,0
BRDA:55,0,0,0
BRDA:56,0,0,0
BRDA:57,0,0,0
BRDA:58,0,0,0
BRDA:59,0,0,0
BRDA:62,0,0,0
end_of_record
SF:/Users/jake/Development/internal/quicktype_dart/lib/src/models/options/lang_go.dart
FN:8,GoRendererOptions.GoRendererOptions
FN:24,GoRendererOptions.toRendererOptions
FNDA:1,GoRendererOptions.GoRendererOptions
FNDA:1,GoRendererOptions.toRendererOptions
FNF:2
FNH:2
DA:8,1
DA:24,1
DA:26,1
DA:27,1
DA:28,1
DA:29,0
DA:31,1
DA:32,1
DA:33,0
DA:35,1
DA:36,1
LF:11
LH:9
BRDA:8,0,0,1
BRDA:24,0,0,1
BRDA:27,0,0,0
BRDA:28,0,0,0
BRDA:31,0,0,0
BRDA:32,0,0,0
BRDA:35,0,0,0
BRDA:36,0,0,0
end_of_record
SF:/Users/jake/Development/internal/quicktype_dart/lib/src/models/options/lang_haskell.dart
FN:9,HaskellRendererOptions.HaskellRendererOptions
FN:19,HaskellRendererOptions.toRendererOptions
FNDA:1,HaskellRendererOptions.HaskellRendererOptions
FNDA:1,HaskellRendererOptions.toRendererOptions
FNF:2
FNH:2
DA:9,1
DA:19,1
DA:21,1
DA:22,1
DA:23,1
DA:24,1
LF:6
LH:6
BRDA:9,0,0,1
BRDA:19,0,0,1
BRDA:22,0,0,0
BRDA:23,0,0,0
BRDA:24,0,0,0
end_of_record
SF:/Users/jake/Development/internal/quicktype_dart/lib/src/models/options/lang_java.dart
FN:9,JavaRendererOptions.JavaRendererOptions
FN:27,JavaRendererOptions.toRendererOptions
FNDA:1,JavaRendererOptions.JavaRendererOptions
FNDA:1,JavaRendererOptions.toRendererOptions
FNF:2
FNH:2
DA:9,1
DA:27,1
DA:29,1
DA:30,1
DA:31,1
DA:32,1
DA:33,0
DA:35,1
DA:36,1
DA:37,1
DA:38,1
DA:39,0
LF:12
LH:10
BRDA:9,0,0,1
BRDA:27,0,0,1
BRDA:30,0,0,0
BRDA:31,0,0,0
BRDA:32,0,0,0
BRDA:35,0,0,0
BRDA:36,0,0,0
BRDA:37,0,0,0
BRDA:38,0,0,0
end_of_record
SF:/Users/jake/Development/internal/quicktype_dart/lib/src/models/options/lang_javascript.dart
FN:9,JavaScriptRendererOptions.JavaScriptRendererOptions
FN:25,JavaScriptRendererOptions.toRendererOptions
FNDA:1,JavaScriptRendererOptions.JavaScriptRendererOptions
FNDA:1,JavaScriptRendererOptions.toRendererOptions
FNF:2
FNH:2
DA:9,1
DA:25,1
DA:27,1
DA:28,1
DA:29,0
DA:31,1
DA:32,0
DA:34,1
DA:35,0
DA:36,0
DA:38,1
DA:39,1
DA:40,1
LF:13
LH:9
BRDA:9,0,0,1
BRDA:25,0,0,1
BRDA:28,0,0,0
BRDA:31,0,0,0
BRDA:34,0,0,0
BRDA:38,0,0,0
BRDA:39,0,0,0
BRDA:40,0,0,0
end_of_record
SF:/Users/jake/Development/internal/quicktype_dart/lib/src/models/options/lang_kotlin.dart
FN:9,KotlinRendererOptions.KotlinRendererOptions
FN:19,KotlinRendererOptions.toRendererOptions
FNDA:1,KotlinRendererOptions.KotlinRendererOptions
FNDA:1,KotlinRendererOptions.toRendererOptions
FNF:2
FNH:2
DA:9,1
DA:19,1
DA:21,1
DA:22,1
DA:23,1
DA:24,1
LF:6
LH:6
BRDA:9,0,0,1
BRDA:19,0,0,1
BRDA:22,0,0,0
BRDA:23,0,0,0
BRDA:24,0,0,0
end_of_record
SF:/Users/jake/Development/internal/quicktype_dart/lib/src/models/options/lang_objc.dart
FN:9,ObjectiveCRendererOptions.ObjectiveCRendererOptions
FN:23,ObjectiveCRendererOptions.toRendererOptions
FNDA:1,ObjectiveCRendererOptions.ObjectiveCRendererOptions
FNDA:1,ObjectiveCRendererOptions.toRendererOptions
FNF:2
FNH:2
DA:9,1
DA:23,1
DA:25,1
DA:26,1
DA:27,1
DA:28,1
DA:29,1
DA:30,1
LF:8
LH:8
BRDA:9,0,0,1
BRDA:23,0,0,1
BRDA:26,0,0,0
BRDA:27,0,0,0
BRDA:28,0,0,0
BRDA:29,0,0,0
BRDA:30,0,0,0
end_of_record
SF:/Users/jake/Development/internal/quicktype_dart/lib/src/models/options/lang_php.dart
FN:9,PHPRendererOptions.PHPRendererOptions
FN:23,PHPRendererOptions.toRendererOptions
FNDA:1,PHPRendererOptions.PHPRendererOptions
FNDA:1,PHPRendererOptions.toRendererOptions
FNF:2
FNH:2
DA:9,1
DA:23,1
DA:25,1
DA:26,1
DA:27,1
DA:28,1
DA:29,1
DA:30,1
LF:8
LH:8
BRDA:9,0,0,1
BRDA:23,0,0,1
BRDA:26,0,0,0
BRDA:27,0,0,0
BRDA:28,0,0,0
BRDA:29,0,0,0
BRDA:30,0,0,0
end_of_record
SF:/Users/jake/Development/internal/quicktype_dart/lib/src/models/options/lang_proptypes.dart
FN:9,PropTypesRendererOptions.PropTypesRendererOptions
FN:17,PropTypesRendererOptions.toRendererOptions
FNDA:1,PropTypesRendererOptions.PropTypesRendererOptions
FNDA:1,PropTypesRendererOptions.toRendererOptions
FNF:2
FNH:2
DA:9,1
DA:17,1
DA:19,1
DA:20,1
DA:21,1
LF:5
LH:5
BRDA:9,0,0,1
BRDA:17,0,0,1
BRDA:20,0,0,0
BRDA:21,0,0,0
end_of_record
SF:/Users/jake/Development/internal/quicktype_dart/lib/src/models/options/lang_python.dart
FN:9,PythonRendererOptions.PythonRendererOptions
FN:21,PythonRendererOptions.toRendererOptions
FNDA:1,PythonRendererOptions.PythonRendererOptions
FNDA:1,PythonRendererOptions.toRendererOptions
FNF:2
FNH:2
DA:9,1
DA:21,1
DA:23,1
DA:24,1
DA:25,1
DA:26,1
DA:27,0
DA:29,1
DA:30,0
LF:9
LH:7
BRDA:9,0,0,1
BRDA:21,0,0,1
BRDA:24,0,0,0
BRDA:25,0,0,0
BRDA:26,0,0,0
BRDA:29,0,0,0
end_of_record
SF:/Users/jake/Development/internal/quicktype_dart/lib/src/models/options/lang_ruby.dart
FN:9,RubyRendererOptions.RubyRendererOptions
FN:19,RubyRendererOptions.toRendererOptions
FNDA:1,RubyRendererOptions.RubyRendererOptions
FNDA:1,RubyRendererOptions.toRendererOptions
FNF:2
FNH:2
DA:9,1
DA:19,1
DA:21,1
DA:22,1
DA:23,1
DA:24,1
LF:6
LH:6
BRDA:9,0,0,1
BRDA:19,0,0,1
BRDA:22,0,0,0
BRDA:23,0,0,0
BRDA:24,0,0,0
end_of_record
SF:/Users/jake/Development/internal/quicktype_dart/lib/src/models/options/lang_rust.dart
FN:9,RustRendererOptions.RustRendererOptions
FN:29,RustRendererOptions.toRendererOptions
FNDA:1,RustRendererOptions.RustRendererOptions
FNDA:1,RustRendererOptions.toRendererOptions
FNF:2
FNH:2
DA:9,1
DA:29,1
DA:31,1
DA:32,1
DA:33,1
DA:34,1
DA:35,1
DA:36,1
DA:37,0
DA:39,1
DA:40,1
DA:41,0
DA:43,1
DA:44,0
LF:14
LH:11
BRDA:9,0,0,1
BRDA:29,0,0,1
BRDA:32,0,0,0
BRDA:33,0,0,0
BRDA:34,0,0,0
BRDA:35,0,0,0
BRDA:36,0,0,0
BRDA:39,0,0,0
BRDA:40,0,0,0
BRDA:43,0,0,0
end_of_record
SF:/Users/jake/Development/internal/quicktype_dart/lib/src/models/options/lang_scala.dart
FN:9,Scala3RendererOptions.Scala3RendererOptions
FN:17,Scala3RendererOptions.toRendererOptions
FNDA:1,Scala3RendererOptions.Scala3RendererOptions
FNDA:1,Scala3RendererOptions.toRendererOptions
FNF:2
FNH:2
DA:9,1
DA:17,1
DA:19,1
DA:20,1
DA:21,1
LF:5
LH:5
BRDA:9,0,0,1
BRDA:17,0,0,1
BRDA:20,0,0,0
BRDA:21,0,0,0
end_of_record
SF:/Users/jake/Development/internal/quicktype_dart/lib/src/models/options/lang_smithy.dart
FN:9,SmithyRendererOptions.SmithyRendererOptions
FN:17,SmithyRendererOptions.toRendererOptions
FNDA:1,SmithyRendererOptions.SmithyRendererOptions
FNDA:1,SmithyRendererOptions.toRendererOptions
FNF:2
FNH:2
DA:9,1
DA:17,1
DA:19,1
DA:20,1
DA:21,1
LF:5
LH:5
BRDA:9,0,0,1
BRDA:17,0,0,1
BRDA:20,0,0,0
BRDA:21,0,0,0
end_of_record
SF:/Users/jake/Development/internal/quicktype_dart/lib/src/models/options/lang_swift.dart
FN:9,SwiftRendererOptions.SwiftRendererOptions
FN:49,SwiftRendererOptions.toRendererOptions
FNDA:1,SwiftRendererOptions.SwiftRendererOptions
FNDA:1,SwiftRendererOptions.toRendererOptions
FNF:2
FNH:2
DA:9,1
DA:49,1
DA:51,1
DA:52,4
DA:53,1
DA:54,1
DA:55,1
DA:56,1
DA:57,1
DA:58,0
DA:60,1
DA:61,1
DA:62,1
DA:63,1
DA:64,1
DA:65,1
DA:66,1
DA:67,0
DA:69,1
DA:70,1
DA:71,1
DA:72,1
DA:73,0
DA:75,1
DA:76,0
LF:25
LH:21
BRDA:9,0,0,1
BRDA:49,0,0,1
BRDA:52,0,0,1
BRDA:53,0,0,0
BRDA:54,0,0,0
BRDA:55,0,0,0
BRDA:56,0,0,0
BRDA:57,0,0,0
BRDA:60,0,0,0
BRDA:61,0,0,0
BRDA:62,0,0,0
BRDA:63,0,0,0
BRDA:64,0,0,0
BRDA:65,0,0,0
BRDA:66,0,0,0
BRDA:69,0,0,0
BRDA:70,0,0,0
BRDA:71,0,0,0
BRDA:72,0,0,0
BRDA:75,0,0,0
end_of_record
SF:/Users/jake/Development/internal/quicktype_dart/lib/src/models/options/lang_typescript.dart
FN:9,TypeScriptRendererOptions.TypeScriptRendererOptions
FN:37,TypeScriptRendererOptions.toRendererOptions
FNDA:1,TypeScriptRendererOptions.TypeScriptRendererOptions
FNDA:1,TypeScriptRendererOptions.toRendererOptions
FNF:2
FNH:2
DA:9,1
DA:37,1
DA:39,1
DA:40,1
DA:41,1
DA:42,0
DA:44,1
DA:45,0
DA:47,1
DA:48,0
DA:50,1
DA:51,0
DA:52,0
DA:54,1
DA:55,1
DA:56,1
DA:57,1
DA:58,1
DA:59,1
DA:60,0
DA:62,1
LF:21
LH:15
BRDA:9,0,0,1
BRDA:37,0,0,1
BRDA:40,0,0,0
BRDA:41,0,0,0
BRDA:44,0,0,0
BRDA:47,0,0,0
BRDA:50,0,0,0
BRDA:54,0,0,0
BRDA:55,0,0,0
BRDA:56,0,0,0
BRDA:57,0,0,0
BRDA:58,0,0,0
BRDA:59,0,0,0
BRDA:62,0,0,0
end_of_record
